# JRE version: Java(TM) SE Runtime Environment (15.0.2+7) (build 15.0.2+7-27)
# Java VM: Java HotSpot(TM) 64-Bit Server VM (15.0.2+7-27, mixed mode, sharing, tiered, compressed oops, g1 gc, windows-amd64)
GC Precious Log:
 CPUs: 4 total, 4 available
 Memory: 8106M
 Large Page Support: Disabled
 NUMA Support: Disabled
 Compressed Oops: Enabled (32-bit)
 Heap Region Size: 1M
 Heap Min Capacity: 8M
 Heap Initial Capacity: 128M
 Heap Max Capacity: 2G
 Pre-touch: Disabled
 Parallel Workers: 4
 Concurrent Workers: 1
 Concurrent Refinement Workers: 4
 Periodic GC: Disabled
Heap:
 garbage-first heap   total 97280K, used 57928K [0x0000000080000000, 0x0000000100000000)
  region size 1024K, 4 young (4096K), 2 survivors (2048K)
 Metaspace       used 58487K, capacity 59463K, committed 59600K, reserved 1101824K
  class space    used 7672K, capacity 7968K, committed 8064K, reserved 1048576K
GC Heap History (20 events):
Event: 422.637 GC heap before
{Heap before GC invocations=14 (full 0):
 garbage-first heap   total 71680K, used 56758K [0x0000000080000000, 0x0000000100000000)
  region size 1024K, 22 young (22528K), 4 survivors (4096K)
 Metaspace       used 38996K, capacity 39894K, committed 40144K, reserved 1083392K
  class space    used 5144K, capacity 5431K, committed 5504K, reserved 1048576K
}
Event: 422.667 GC heap after
{Heap after GC invocations=15 (full 0):
 garbage-first heap   total 71680K, used 42686K [0x0000000080000000, 0x0000000100000000)
  region size 1024K, 3 young (3072K), 3 survivors (3072K)
 Metaspace       used 38996K, capacity 39894K, committed 40144K, reserved 1083392K
  class space    used 5144K, capacity 5431K, committed 5504K, reserved 1048576K
}
Event: 426.867 GC heap before
{Heap before GC invocations=15 (full 0):
 garbage-first heap   total 71680K, used 58046K [0x0000000080000000, 0x0000000100000000)
  region size 1024K, 18 young (18432K), 3 survivors (3072K)
 Metaspace       used 41628K, capacity 42517K, committed 42704K, reserved 1087488K
  class space    used 5465K, capacity 5727K, committed 5760K, reserved 1048576K
}
Event: 426.880 GC heap after
{Heap after GC invocations=16 (full 0):
 garbage-first heap   total 71680K, used 43333K [0x0000000080000000, 0x0000000100000000)
  region size 1024K, 1 young (1024K), 1 survivors (1024K)
 Metaspace       used 41628K, capacity 42517K, committed 42704K, reserved 1087488K
  class space    used 5465K, capacity 5727K, committed 5760K, reserved 1048576K
}
Event: 431.195 GC heap before
{Heap before GC invocations=17 (full 0):
 garbage-first heap   total 75776K, used 58693K [0x0000000080000000, 0x0000000100000000)
  region size 1024K, 16 young (16384K), 1 survivors (1024K)
 Metaspace       used 44938K, capacity 45814K, committed 45904K, reserved 1089536K
  class space    used 5841K, capacity 6120K, committed 6144K, reserved 1048576K
}
Event: 431.207 GC heap after
{Heap after GC invocations=18 (full 0):
 garbage-first heap   total 75776K, used 44073K [0x0000000080000000, 0x0000000100000000)
  region size 1024K, 2 young (2048K), 2 survivors (2048K)
 Metaspace       used 44938K, capacity 45814K, committed 45904K, reserved 1089536K
  class space    used 5841K, capacity 6120K, committed 6144K, reserved 1048576K
}
Event: 434.234 GC heap before
{Heap before GC invocations=18 (full 0):
 garbage-first heap   total 75776K, used 59433K [0x0000000080000000, 0x0000000100000000)
  region size 1024K, 18 young (18432K), 2 survivors (2048K)
 Metaspace       used 47087K, capacity 48072K, committed 48208K, reserved 1091584K
  class space    used 6106K, capacity 6380K, committed 6400K, reserved 1048576K
}
Event: 434.256 GC heap after
{Heap after GC invocations=19 (full 0):
 garbage-first heap   total 75776K, used 46804K [0x0000000080000000, 0x0000000100000000)
  region size 1024K, 3 young (3072K), 3 survivors (3072K)
 Metaspace       used 47087K, capacity 48072K, committed 48208K, reserved 1091584K
  class space    used 6106K, capacity 6380K, committed 6400K, reserved 1048576K
}
Event: 436.050 GC heap before
{Heap before GC invocations=20 (full 0):
 garbage-first heap   total 87040K, used 59092K [0x0000000080000000, 0x0000000100000000)
  region size 1024K, 16 young (16384K), 3 survivors (3072K)
 Metaspace       used 48111K, capacity 49048K, committed 49104K, reserved 1091584K
  class space    used 6242K, capacity 6487K, committed 6528K, reserved 1048576K
}
Event: 436.066 GC heap after
{Heap after GC invocations=21 (full 0):
 garbage-first heap   total 87040K, used 47486K [0x0000000080000000, 0x0000000100000000)
  region size 1024K, 2 young (2048K), 2 survivors (2048K)
 Metaspace       used 48111K, capacity 49048K, committed 49104K, reserved 1091584K
  class space    used 6242K, capacity 6487K, committed 6528K, reserved 1048576K
}
Event: 439.181 GC heap before
{Heap before GC invocations=21 (full 0):
 garbage-first heap   total 87040K, used 61822K [0x0000000080000000, 0x0000000100000000)
  region size 1024K, 18 young (18432K), 2 survivors (2048K)
 Metaspace       used 49790K, capacity 50788K, committed 50896K, reserved 1093632K
  class space    used 6446K, capacity 6745K, committed 6784K, reserved 1048576K
}
Event: 439.192 GC heap after
{Heap after GC invocations=22 (full 0):
 garbage-first heap   total 87040K, used 48735K [0x0000000080000000, 0x0000000100000000)
  region size 1024K, 3 young (3072K), 3 survivors (3072K)
 Metaspace       used 49790K, capacity 50788K, committed 50896K, reserved 1093632K
  class space    used 6446K, capacity 6745K, committed 6784K, reserved 1048576K
}
Event: 444.319 GC heap before
{Heap before GC invocations=23 (full 0):
 garbage-first heap   total 91136K, used 70239K [0x0000000080000000, 0x0000000100000000)
  region size 1024K, 23 young (23552K), 3 survivors (3072K)
 Metaspace       used 52680K, capacity 53742K, committed 54096K, reserved 1095680K
  class space    used 6773K, capacity 7066K, committed 7168K, reserved 1048576K
}
Event: 444.337 GC heap after
{Heap after GC invocations=24 (full 0):
 garbage-first heap   total 91136K, used 50265K [0x0000000080000000, 0x0000000100000000)
  region size 1024K, 3 young (3072K), 3 survivors (3072K)
 Metaspace       used 52680K, capacity 53742K, committed 54096K, reserved 1095680K
  class space    used 6773K, capacity 7066K, committed 7168K, reserved 1048576K
}
Event: 446.708 GC heap before
{Heap before GC invocations=24 (full 0):
 garbage-first heap   total 91136K, used 72793K [0x0000000080000000, 0x0000000100000000)
  region size 1024K, 26 young (26624K), 3 survivors (3072K)
 Metaspace       used 53749K, capacity 54740K, committed 54992K, reserved 1097728K
  class space    used 6908K, capacity 7211K, committed 7296K, reserved 1048576K
}
Event: 446.731 GC heap after
{Heap after GC invocations=25 (full 0):
 garbage-first heap   total 91136K, used 53443K [0x0000000080000000, 0x0000000100000000)
  region size 1024K, 4 young (4096K), 4 survivors (4096K)
 Metaspace       used 53749K, capacity 54740K, committed 54992K, reserved 1097728K
  class space    used 6908K, capacity 7211K, committed 7296K, reserved 1048576K
}
Event: 544.215 GC heap before
{Heap before GC invocations=26 (full 0):
 garbage-first heap   total 97280K, used 71875K [0x0000000080000000, 0x0000000100000000)
  region size 1024K, 23 young (23552K), 4 survivors (4096K)
 Metaspace       used 54792K, capacity 55905K, committed 56144K, reserved 1097728K
  class space    used 7057K, capacity 7359K, committed 7424K, reserved 1048576K
}
Event: 544.245 GC heap after
{Heap after GC invocations=27 (full 0):
 garbage-first heap   total 97280K, used 55582K [0x0000000080000000, 0x0000000100000000)
  region size 1024K, 2 young (2048K), 2 survivors (2048K)
 Metaspace       used 54792K, capacity 55905K, committed 56144K, reserved 1097728K
  class space    used 7057K, capacity 7359K, committed 7424K, reserved 1048576K
}
Event: 547.869 GC heap before
{Heap before GC invocations=27 (full 0):
 garbage-first heap   total 97280K, used 78110K [0x0000000080000000, 0x0000000100000000)
  region size 1024K, 24 young (24576K), 2 survivors (2048K)
 Metaspace       used 58342K, capacity 59399K, committed 59600K, reserved 1101824K
  class space    used 7653K, capacity 7968K, committed 8064K, reserved 1048576K
}
Event: 547.892 GC heap after
{Heap after GC invocations=28 (full 0):
 garbage-first heap   total 97280K, used 56904K [0x0000000080000000, 0x0000000100000000)
  region size 1024K, 2 young (2048K), 2 survivors (2048K)
 Metaspace       used 58342K, capacity 59399K, committed 59600K, reserved 1101824K
  class space    used 7653K, capacity 7968K, committed 8064K, reserved 1048576K
}

